

Estimation results (LC mean): rep 1000
              true        mean       pmean       sdev.       psdev        bias       pbias        rmse       prmse  
alpha      0.33000     0.35689     0.30000     0.01909     0.05774     0.02689    -0.03000     0.03297     0.06506
beta       0.99000     0.98193     0.97500     0.00721     0.01443    -0.00807    -0.01500     0.01082     0.02082
delta      0.02500     0.03258     0.05500     0.00809     0.02598     0.00758     0.03000     0.01109     0.03969
gam        2.00000     2.03058     2.50000     0.14218     1.44338     0.03058     0.50000     0.14536     1.52753
rho1       0.90000     0.88655     0.50000     0.03756     0.28868    -0.01345    -0.40000     0.03987     0.49329
sigma1     0.02000     0.01898     0.05000     0.00298     0.02887    -0.00102     0.03000     0.00315     0.04163
rho2       0.70000     0.68986     0.50000     0.05342     0.28868    -0.01014    -0.20000     0.05435     0.35119
sigma2     0.01000     0.01061     0.05000     0.00266     0.02887     0.00061     0.04000     0.00273     0.04933
nss        0.33333     0.32764     0.31250     0.00295     0.03608    -0.00570    -0.02083     0.00641     0.04167




Estimation results (LC median): rep 1000
              true        mean       pmean       sdev.       psdev        bias       pbias        rmse       prmse  
alpha      0.33000     0.35800     0.30000     0.02021     0.05774     0.02800    -0.03000     0.03453     0.06506
beta       0.99000     0.98196     0.97500     0.00745     0.01443    -0.00804    -0.01500     0.01096     0.02082
delta      0.02500     0.03260     0.05500     0.00874     0.02598     0.00760     0.03000     0.01158     0.03969
gam        2.00000     2.02342     2.50000     0.14916     1.44338     0.02342     0.50000     0.15091     1.52753
rho1       0.90000     0.88762     0.50000     0.03804     0.28868    -0.01238    -0.40000     0.03999     0.49329
sigma1     0.02000     0.01855     0.05000     0.00321     0.02887    -0.00145     0.03000     0.00352     0.04163
rho2       0.70000     0.68949     0.50000     0.05457     0.28868    -0.01051    -0.20000     0.05555     0.35119
sigma2     0.01000     0.01066     0.05000     0.00285     0.02887     0.00066     0.04000     0.00292     0.04933
nss        0.33333     0.33620     0.31250     0.00532     0.03608     0.00286    -0.02083     0.00604     0.04167




Estimation results (LL mean): rep 1000
              true        mean       pmean       sdev.       psdev        bias       pbias        rmse       prmse  
alpha      0.33000     0.33285     0.30000     0.01251     0.05774     0.00285    -0.03000     0.01282     0.06506
beta       0.99000     0.99094     0.97500     0.00269     0.01443     0.00094    -0.01500     0.00285     0.02082
delta      0.02500     0.02605     0.05500     0.00358     0.02598     0.00105     0.03000     0.00373     0.03969
gam        2.00000     2.03608     2.50000     0.09615     1.44338     0.03608     0.50000     0.10265     1.52753
rho1       0.90000     0.89766     0.50000     0.01016     0.28868    -0.00234    -0.40000     0.01042     0.49329
sigma1     0.02000     0.01922     0.05000     0.00134     0.02887    -0.00078     0.03000     0.00155     0.04163
rho2       0.70000     0.68762     0.50000     0.04476     0.28868    -0.01238    -0.20000     0.04642     0.35119
sigma2     0.01000     0.01010     0.05000     0.00150     0.02887     0.00010     0.04000     0.00150     0.04933
nss        0.33333     0.33437     0.31250     0.00378     0.03608     0.00104    -0.02083     0.00392     0.04167




Estimation results (LL median): rep 1000
              true        mean       pmean       sdev.       psdev        bias       pbias        rmse       prmse  
alpha      0.33000     0.33318     0.30000     0.01312     0.05774     0.00318    -0.03000     0.01350     0.06506
beta       0.99000     0.99092     0.97500     0.00277     0.01443     0.00092    -0.01500     0.00291     0.02082
delta      0.02500     0.02622     0.05500     0.00370     0.02598     0.00122     0.03000     0.00389     0.03969
gam        2.00000     2.02931     2.50000     0.09024     1.44338     0.02931     0.50000     0.09484     1.52753
rho1       0.90000     0.89772     0.50000     0.01080     0.28868    -0.00228    -0.40000     0.01103     0.49329
sigma1     0.02000     0.01921     0.05000     0.00141     0.02887    -0.00079     0.03000     0.00162     0.04163
rho2       0.70000     0.68946     0.50000     0.04570     0.28868    -0.01054    -0.20000     0.04688     0.35119
sigma2     0.01000     0.01025     0.05000     0.00144     0.02887     0.00025     0.04000     0.00146     0.04933
nss        0.33333     0.33387     0.31250     0.00386     0.03608     0.00053    -0.02083     0.00390     0.04167




Estimation results (LQ mean): rep 1000
              true        mean       pmean       sdev.       psdev        bias       pbias        rmse       prmse  
alpha      0.33000     0.33080     0.30000     0.01224     0.05774     0.00080    -0.03000     0.01226     0.06506
beta       0.99000     0.99155     0.97500     0.00275     0.01443     0.00155    -0.01500     0.00316     0.02082
delta      0.02500     0.02490     0.05500     0.00338     0.02598    -0.00010     0.03000     0.00338     0.03969
gam        2.00000     2.00513     2.50000     0.09888     1.44338     0.00513     0.50000     0.09896     1.52753
rho1       0.90000     0.90149     0.50000     0.00791     0.28868     0.00149    -0.40000     0.00804     0.49329
sigma1     0.02000     0.01923     0.05000     0.00146     0.02887    -0.00077     0.03000     0.00165     0.04163
rho2       0.70000     0.68961     0.50000     0.04763     0.28868    -0.01039    -0.20000     0.04872     0.35119
sigma2     0.01000     0.01032     0.05000     0.00128     0.02887     0.00032     0.04000     0.00132     0.04933
nss        0.33333     0.33503     0.31250     0.00391     0.03608     0.00170    -0.02083     0.00426     0.04167




Estimation results (LQ median): rep 1000
              true        mean       pmean       sdev.       psdev        bias       pbias        rmse       prmse  
alpha      0.33000     0.33080     0.30000     0.01255     0.05774     0.00080    -0.03000     0.01257     0.06506
beta       0.99000     0.99173     0.97500     0.00277     0.01443     0.00173    -0.01500     0.00326     0.02082
delta      0.02500     0.02503     0.05500     0.00342     0.02598     0.00003     0.03000     0.00342     0.03969
gam        2.00000     2.00948     2.50000     0.09317     1.44338     0.00948     0.50000     0.09361     1.52753
rho1       0.90000     0.90163     0.50000     0.00801     0.28868     0.00163    -0.40000     0.00817     0.49329
sigma1     0.02000     0.01915     0.05000     0.00155     0.02887    -0.00085     0.03000     0.00176     0.04163
rho2       0.70000     0.69200     0.50000     0.04718     0.28868    -0.00800    -0.20000     0.04783     0.35119
sigma2     0.01000     0.01034     0.05000     0.00122     0.02887     0.00034     0.04000     0.00127     0.04933
nss        0.33333     0.33440     0.31250     0.00390     0.03608     0.00107    -0.02083     0.00405     0.04167


90% CI coverage: 
 Columns 1 through 8:

   0.91600   1.00000   0.90000   0.92200   0.90000   0.86300   0.79400   0.83500

 Column 9:

   0.92100

