

Estimation results (LC mean): rep 1000
              true        mean       pmean       sdev.       psdev        bias       pbias        rmse       prmse  
alpha      0.33000     0.35504     0.30000     0.02005     0.05774     0.02504    -0.03000     0.03208     0.06506
beta       0.99000     0.98224     0.97500     0.00705     0.01443    -0.00776    -0.01500     0.01048     0.02082
delta      0.02500     0.03187     0.05500     0.00841     0.02598     0.00687     0.03000     0.01086     0.03969
gam        2.00000     2.03680     2.50000     0.15412     1.44338     0.03680     0.50000     0.15838     1.52753
rho1       0.90000     0.88753     0.50000     0.03779     0.28868    -0.01247    -0.40000     0.03977     0.49329
sigma1     0.02000     0.01865     0.05000     0.00284     0.02887    -0.00135     0.03000     0.00314     0.04163
rho2       0.70000     0.69334     0.50000     0.05316     0.28868    -0.00666    -0.20000     0.05355     0.35119
sigma2     0.01000     0.01057     0.05000     0.00285     0.02887     0.00057     0.04000     0.00291     0.04933
nss        0.33333     0.33603     0.31250     0.00443     0.03608     0.00270    -0.02083     0.00518     0.04167




Estimation results (LC median): rep 1000
              true        mean       pmean       sdev.       psdev        bias       pbias        rmse       prmse  
alpha      0.33000     0.35582     0.30000     0.02122     0.05774     0.02582    -0.03000     0.03342     0.06506
beta       0.99000     0.98209     0.97500     0.00733     0.01443    -0.00791    -0.01500     0.01078     0.02082
delta      0.02500     0.03179     0.05500     0.00905     0.02598     0.00679     0.03000     0.01131     0.03969
gam        2.00000     2.03080     2.50000     0.15878     1.44338     0.03080     0.50000     0.16167     1.52753
rho1       0.90000     0.88838     0.50000     0.03788     0.28868    -0.01162    -0.40000     0.03961     0.49329
sigma1     0.02000     0.01843     0.05000     0.00300     0.02887    -0.00157     0.03000     0.00339     0.04163
rho2       0.70000     0.69345     0.50000     0.05523     0.28868    -0.00655    -0.20000     0.05559     0.35119
sigma2     0.01000     0.01060     0.05000     0.00305     0.02887     0.00060     0.04000     0.00311     0.04933
nss        0.33333     0.33822     0.31250     0.00514     0.03608     0.00488    -0.02083     0.00709     0.04167




Estimation results (LL mean): rep 1000
              true        mean       pmean       sdev.       psdev        bias       pbias        rmse       prmse  
alpha      0.33000     0.33241     0.30000     0.01279     0.05774     0.00241    -0.03000     0.01301     0.06506
beta       0.99000     0.99104     0.97500     0.00261     0.01443     0.00104    -0.01500     0.00281     0.02082
delta      0.02500     0.02597     0.05500     0.00353     0.02598     0.00097     0.03000     0.00366     0.03969
gam        2.00000     2.03733     2.50000     0.09618     1.44338     0.03733     0.50000     0.10312     1.52753
rho1       0.90000     0.89681     0.50000     0.01113     0.28868    -0.00319    -0.40000     0.01158     0.49329
sigma1     0.02000     0.01937     0.05000     0.00149     0.02887    -0.00063     0.03000     0.00161     0.04163
rho2       0.70000     0.68923     0.50000     0.04618     0.28868    -0.01077    -0.20000     0.04740     0.35119
sigma2     0.01000     0.00999     0.05000     0.00157     0.02887    -0.00001     0.04000     0.00157     0.04933
nss        0.33333     0.33411     0.31250     0.00380     0.03608     0.00078    -0.02083     0.00388     0.04167




Estimation results (LL median): rep 1000
              true        mean       pmean       sdev.       psdev        bias       pbias        rmse       prmse  
alpha      0.33000     0.33279     0.30000     0.01325     0.05774     0.00279    -0.03000     0.01354     0.06506
beta       0.99000     0.99109     0.97500     0.00259     0.01443     0.00109    -0.01500     0.00281     0.02082
delta      0.02500     0.02616     0.05500     0.00360     0.02598     0.00116     0.03000     0.00378     0.03969
gam        2.00000     2.03284     2.50000     0.09397     1.44338     0.03284     0.50000     0.09950     1.52753
rho1       0.90000     0.89732     0.50000     0.01165     0.28868    -0.00268    -0.40000     0.01195     0.49329
sigma1     0.02000     0.01921     0.05000     0.00151     0.02887    -0.00079     0.03000     0.00170     0.04163
rho2       0.70000     0.69078     0.50000     0.04632     0.28868    -0.00922    -0.20000     0.04720     0.35119
sigma2     0.01000     0.01027     0.05000     0.00157     0.02887     0.00027     0.04000     0.00159     0.04933
nss        0.33333     0.33390     0.31250     0.00379     0.03608     0.00057    -0.02083     0.00383     0.04167




Estimation results (LQ mean): rep 1000
              true        mean       pmean       sdev.       psdev        bias       pbias        rmse       prmse  
alpha      0.33000     0.33080     0.30000     0.01199     0.05774     0.00080    -0.03000     0.01201     0.06506
beta       0.99000     0.99136     0.97500     0.00269     0.01443     0.00136    -0.01500     0.00301     0.02082
delta      0.02500     0.02494     0.05500     0.00332     0.02598    -0.00006     0.03000     0.00332     0.03969
gam        2.00000     2.00647     2.50000     0.10603     1.44338     0.00647     0.50000     0.10617     1.52753
rho1       0.90000     0.90140     0.50000     0.00856     0.28868     0.00140    -0.40000     0.00867     0.49329
sigma1     0.02000     0.01974     0.05000     0.00148     0.02887    -0.00026     0.03000     0.00150     0.04163
rho2       0.70000     0.69054     0.50000     0.04808     0.28868    -0.00946    -0.20000     0.04897     0.35119
sigma2     0.01000     0.01018     0.05000     0.00117     0.02887     0.00018     0.04000     0.00118     0.04933
nss        0.33333     0.33464     0.31250     0.00403     0.03608     0.00130    -0.02083     0.00423     0.04167




Estimation results (LQ median): rep 1000
              true        mean       pmean       sdev.       psdev        bias       pbias        rmse       prmse  
alpha      0.33000     0.33082     0.30000     0.01209     0.05774     0.00082    -0.03000     0.01212     0.06506
beta       0.99000     0.99153     0.97500     0.00267     0.01443     0.00153    -0.01500     0.00308     0.02082
delta      0.02500     0.02506     0.05500     0.00322     0.02598     0.00006     0.03000     0.00322     0.03969
gam        2.00000     2.00941     2.50000     0.10102     1.44338     0.00941     0.50000     0.10141     1.52753
rho1       0.90000     0.90146     0.50000     0.00861     0.28868     0.00146    -0.40000     0.00872     0.49329
sigma1     0.02000     0.01965     0.05000     0.00149     0.02887    -0.00035     0.03000     0.00153     0.04163
rho2       0.70000     0.69315     0.50000     0.04758     0.28868    -0.00685    -0.20000     0.04804     0.35119
sigma2     0.01000     0.01026     0.05000     0.00116     0.02887     0.00026     0.04000     0.00119     0.04933
nss        0.33333     0.33444     0.31250     0.00401     0.03608     0.00111    -0.02083     0.00416     0.04167


90% CI coverage: 
 Columns 1 through 8:

   0.92000   0.99300   0.99100   0.98600   0.87700   0.89300   1.00000   0.83400

 Column 9:

   0.73100

